DEBUG   |180415 09:07:14|Fetching filter data from database
DEBUG   |180415 09:07:14|Loading filters
DEBUG   |180415 09:07:14|-- Loading filter Directories
DEBUG   |180415 09:07:14|-- Loading filter Extradirs
DEBUG   |180415 09:07:14|-- Loading filter Files
DEBUG   |180415 09:07:14|-- Loading filter Incremental
DEBUG   |180415 09:07:14|-- Loading filter Multidb
DEBUG   |180415 09:07:14|-- Loading filter Regexdirectories
DEBUG   |180415 09:07:14|-- Loading filter Regexfiles
DEBUG   |180415 09:07:14|-- Loading filter Regexskipdirs
DEBUG   |180415 09:07:14|-- Loading filter Regexskipfiles
DEBUG   |180415 09:07:14|-- Loading filter Regextabledata
DEBUG   |180415 09:07:14|-- Loading filter Regextables
DEBUG   |180415 09:07:14|-- Loading filter Skipdirs
DEBUG   |180415 09:07:14|-- Loading filter Skipfiles
DEBUG   |180415 09:07:14|-- Loading filter Tabledata
DEBUG   |180415 09:07:14|-- Loading filter Tables
DEBUG   |180415 09:07:14|-- Loading filter Cvsfolders
DEBUG   |180415 09:07:14|-- Loading filter Excludefiles
DEBUG   |180415 09:07:14|-- Loading filter Excludefolders
DEBUG   |180415 09:07:14|-- Loading filter Excludetabledata
DEBUG   |180415 09:07:14|-- Loading filter Joomlaskipdirs
DEBUG   |180415 09:07:14|-- Loading filter Joomlaskipfiles
DEBUG   |180415 09:07:14|-- Loading filter Libraries
DEBUG   |180415 09:07:14|-- Loading filter Sitedb
DEBUG   |180415 09:07:14|-- Loading filter Siteroot
DEBUG   |180415 09:07:14|-- Loading filter Systemcachefiles
DEBUG   |180415 09:07:14|Loading optional filters
DEBUG   |180415 09:07:14|-- Loading optional filter Stack\StackErrorlogs
DEBUG   |180415 09:07:14|-- Loading optional filter Stack\StackHoststats
DEBUG   |180415 09:07:14|-- Loading optional filter Stack\StackFinder
DEBUG   |180415 09:07:14|-- Loading optional filter Stack\StackMyjoomla
DEBUG   |180415 09:08:04| -- Resetting Akeeba Engine factory (backend.id3)
DEBUG   |180415 09:08:04|Fetching filter data from database
DEBUG   |180415 09:08:04|Loading filters
DEBUG   |180415 09:08:04|-- Loading filter Directories
DEBUG   |180415 09:08:04|-- Loading filter Extradirs
DEBUG   |180415 09:08:04|-- Loading filter Files
DEBUG   |180415 09:08:04|-- Loading filter Incremental
DEBUG   |180415 09:08:04|-- Loading filter Multidb
DEBUG   |180415 09:08:04|-- Loading filter Regexdirectories
DEBUG   |180415 09:08:04|-- Loading filter Regexfiles
DEBUG   |180415 09:08:04|-- Loading filter Regexskipdirs
DEBUG   |180415 09:08:04|-- Loading filter Regexskipfiles
DEBUG   |180415 09:08:04|-- Loading filter Regextabledata
DEBUG   |180415 09:08:04|-- Loading filter Regextables
DEBUG   |180415 09:08:04|-- Loading filter Skipdirs
DEBUG   |180415 09:08:04|-- Loading filter Skipfiles
DEBUG   |180415 09:08:04|-- Loading filter Tabledata
DEBUG   |180415 09:08:04|-- Loading filter Tables
DEBUG   |180415 09:08:04|-- Loading filter Cvsfolders
DEBUG   |180415 09:08:04|-- Loading filter Excludefiles
DEBUG   |180415 09:08:04|-- Loading filter Excludefolders
DEBUG   |180415 09:08:04|-- Loading filter Excludetabledata
DEBUG   |180415 09:08:04|-- Loading filter Joomlaskipdirs
DEBUG   |180415 09:08:04|-- Loading filter Joomlaskipfiles
DEBUG   |180415 09:08:04|-- Loading filter Libraries
DEBUG   |180415 09:08:04|-- Loading filter Sitedb
DEBUG   |180415 09:08:04|-- Loading filter Siteroot
DEBUG   |180415 09:08:04|-- Loading filter Systemcachefiles
DEBUG   |180415 09:08:04|Loading optional filters
DEBUG   |180415 09:08:04|-- Loading optional filter Stack\StackErrorlogs
DEBUG   |180415 09:08:04|-- Loading optional filter Stack\StackHoststats
DEBUG   |180415 09:08:04|-- Loading optional filter Stack\StackFinder
DEBUG   |180415 09:08:04|-- Loading optional filter Stack\StackMyjoomla
